<?xml version="1.0" encoding="UTF-8"?>
<!-- Generated by org.testng.reporters.JUnitReportReporter -->
<testsuite hostname="AURBLRLT-489" failures="0" tests="1" name="testCases.TC_LandingPage" time="15.198" errors="0" timestamp="2021-09-15T13:42:45 IST" skipped="0">
  <testcase classname="testCases.TC_LandingPage" name="energyConservationPageValidation" time="15.198"/>
  <system-out/>
</testsuite> <!-- testCases.TC_LandingPage -->
