<?xml version="1.0" encoding="UTF-8"?>
<!-- Generated by org.testng.reporters.JUnitReportReporter -->
<testsuite hostname="AURBLRLT-489" failures="0" tests="1" name="testCases.LoginPage" time="13.823" errors="0" timestamp="2021-09-08T20:04:38 IST" skipped="0">
  <testcase classname="testCases.LoginPage" name="beforeMethod" time="13.823"/>
  <system-out/>
</testsuite> <!-- testCases.LoginPage -->
