<?xml version="1.0" encoding="UTF-8"?>
<!-- Generated by org.testng.reporters.JUnitReportReporter -->
<testsuite hostname="AURBLRLT-489" failures="0" tests="1" name="testCases.NewTest1" time="0.009" errors="0" timestamp="2021-09-08T19:56:03 IST" skipped="0">
  <testcase classname="testCases.NewTest1" name="f" time="0.009"/>
  <system-out/>
</testsuite> <!-- testCases.NewTest1 -->
