<?xml version="1.0" encoding="UTF-8"?>
<!-- Generated by org.testng.reporters.JUnitReportReporter -->
<testsuite hostname="AURBLRLT-489" failures="0" tests="1" name="testCases.NewTest" time="19.130" errors="0" timestamp="2021-09-08T20:01:38 IST" skipped="0">
  <testcase classname="testCases.NewTest" name="f" time="19.130"/>
  <system-out/>
</testsuite> <!-- testCases.NewTest -->
