<?xml version="1.0" encoding="UTF-8"?>
<!-- Generated by org.testng.reporters.JUnitReportReporter -->
<testsuite hostname="AURBLRLT-489" failures="0" tests="1" name="testCases.TC_GoSwiftPage" time="12.152" errors="0" timestamp="2021-09-29T16:41:33 IST" skipped="0">
  <testcase classname="testCases.TC_GoSwiftPage" name="goSwiftPageValidation" time="12.152"/>
  <system-out/>
</testsuite> <!-- testCases.TC_GoSwiftPage -->
