<?xml version="1.0" encoding="UTF-8"?>
<!-- Generated by org.testng.reporters.JUnitReportReporter -->
<testsuite hostname="AURBLRLT-489" failures="0" tests="1" name="testCases.TC_LoginPage" time="16.673" errors="0" timestamp="2021-09-10T13:26:53 IST" skipped="0">
  <testcase classname="testCases.TC_LoginPage" name="homePage" time="16.673"/>
  <system-out/>
</testsuite> <!-- testCases.TC_LoginPage -->
